2022-06-20T17:16:45.252+0800	controller/handler.go:24	[GoAdmin] [0;37;44m 200 [0m [0;37;104m GET   [0m /admin/login
2022-06-20T17:16:45.363+0800	controller/handler.go:24	[GoAdmin] [0;37;44m 200 [0m [0;37;104m GET   [0m /admin/assets/login/dist/all.min.css
2022-06-20T17:16:45.364+0800	controller/handler.go:24	[GoAdmin] [0;37;44m 200 [0m [0;37;104m GET   [0m /admin/assets/login/dist/all.min.js
2022-06-20T17:16:48.088+0800	controller/handler.go:24	[GoAdmin] [0;37;44m 200 [0m [0;37;104m POST   [0m /admin/signin
2022-06-20T17:16:48.157+0800	controller/handler.go:24	[GoAdmin] [0;37;44m 200 [0m [0;37;104m GET   [0m /admin/assets/dist/js/all.min.8425540791.js
2022-06-20T17:16:48.169+0800	controller/handler.go:24	[GoAdmin] [0;37;44m 200 [0m [0;37;104m GET   [0m /admin/assets/dist/css/all.min.79250b7051.css
2022-06-20T17:16:48.179+0800	controller/handler.go:24	[GoAdmin] [0;37;44m 200 [0m [0;37;104m GET   [0m /admin/assets/dist/js/tree.min.e1faf8b7de.js
2022-06-20T17:16:48.180+0800	controller/handler.go:24	[GoAdmin] [0;37;44m 200 [0m [0;37;104m GET   [0m /admin/assets/dist/js/treeview.min.7780d3bb0f.js
2022-06-20T17:16:48.201+0800	controller/handler.go:24	[GoAdmin] [0;37;44m 200 [0m [0;37;104m GET   [0m /admin/assets/chart.min.js
2022-06-20T17:16:48.227+0800	controller/handler.go:24	[GoAdmin] [0;37;44m 200 [0m [0;37;104m GET   [0m /admin/assets/dist/js/form.min.f8678914e9.js
2022-06-20T17:16:48.229+0800	controller/handler.go:24	[GoAdmin] [0;37;44m 200 [0m [0;37;104m GET   [0m /admin/assets/dist/js/datatable.min.581cdc109b.js
2022-06-20T17:16:48.229+0800	controller/handler.go:24	[GoAdmin] [0;37;44m 200 [0m [0;37;104m GET   [0m /admin/assets/dist/js/all_2.min.38a2a946b0.js
2022-06-20T17:16:48.231+0800	controller/handler.go:24	[GoAdmin] [0;37;44m 200 [0m [0;37;104m GET   [0m /admin/assets/dist/img/avatar04.png
2022-06-20T17:16:48.233+0800	controller/handler.go:24	[GoAdmin] [0;37;44m 200 [0m [0;37;104m GET   [0m /admin/assets/dist/fonts/fontawesome-webfont.woff2
2022-06-20T17:16:48.322+0800	controller/handler.go:24	[GoAdmin] [0;37;44m 200 [0m [0;37;104m GET   [0m /admin/assets/dist/css/fonts/6xK3dSBYKcSV-LCoeQqfX1RYOo3qOK7g.ttf
2022-06-20T17:16:48.339+0800	controller/handler.go:24	[GoAdmin] [0;37;44m 200 [0m [0;37;104m GET   [0m /admin/assets/dist/css/fonts/6xKydSBYKcSV-LCoeQqfX1RYOo3i54rwlxdr.ttf
2022-06-20T17:16:53.412+0800	controller/handler.go:24	[GoAdmin] [0;37;44m 200 [0m [0;37;104m GET   [0m /admin/info/manager
2022-06-20T17:16:53.426+0800	controller/handler.go:24	[GoAdmin] [0;37;44m 200 [0m [0;37;104m GET   [0m /admin/assets/dist/css/blue@2x.png
2022-06-20T18:09:30.566+0800	controller/handler.go:24	[GoAdmin] [0;37;44m 200 [0m [0;37;104m GET   [0m /admin/menu
2022-06-20T18:09:52.673+0800	controller/handler.go:24	[GoAdmin] [0;37;44m 200 [0m [0;37;104m POST   [0m /admin/menu/new
2022-06-20T18:09:54.527+0800	controller/handler.go:24	[GoAdmin] [0;37;44m 200 [0m [0;37;104m GET   [0m /admin/menu
2022-06-20T18:10:01.933+0800	controller/handler.go:24	[GoAdmin] [0;37;44m 200 [0m [0;37;104m POST   [0m /admin/menu/order
2022-06-20T18:10:01.972+0800	controller/handler.go:24	[GoAdmin] [0;37;44m 200 [0m [0;37;104m GET   [0m /admin/menu
2022-06-20T18:10:02.519+0800	controller/handler.go:24	[GoAdmin] [0;37;44m 200 [0m [0;37;104m GET   [0m /admin/menu
2022-06-20T18:10:03.363+0800	controller/handler.go:24	[GoAdmin] [0;37;44m 200 [0m [0;37;104m GET   [0m /admin/info/twitter_account
2022-06-20T18:10:51.211+0800	controller/handler.go:24	[GoAdmin] [0;37;44m 200 [0m [0;37;104m GET   [0m /admin/info/twitter_account
2022-06-20T18:13:48.149+0800	controller/handler.go:24	[GoAdmin] [0;37;44m 200 [0m [0;37;104m GET   [0m /admin/info/twitter_account
2022-06-20T18:25:02.687+0800	controller/handler.go:24	[GoAdmin] [0;37;44m 200 [0m [0;37;104m GET   [0m /admin/info/twitter_account
2022-06-20T18:25:29.417+0800	controller/handler.go:24	[GoAdmin] [0;37;44m 200 [0m [0;37;104m GET   [0m /admin/info/twitter_account
2022-06-20T18:26:13.587+0800	controller/handler.go:24	[GoAdmin] [0;37;44m 200 [0m [0;37;104m GET   [0m /admin/info/twitter_account
2022-06-20T18:27:40.867+0800	controller/handler.go:24	[GoAdmin] [0;37;44m 200 [0m [0;37;104m GET   [0m /admin/info/twitter_account
2022-06-20T18:30:13.648+0800	controller/handler.go:24	[GoAdmin] [0;37;44m 200 [0m [0;37;104m GET   [0m /admin/info/twitter_account
2022-06-20T18:31:58.200+0800	controller/handler.go:24	[GoAdmin] [0;37;44m 200 [0m [0;37;104m GET   [0m /admin/info/twitter_account
2022-06-20T18:32:51.471+0800	controller/handler.go:24	[GoAdmin] [0;37;44m 200 [0m [0;37;104m GET   [0m /admin/info/twitter_account
2022-06-20T18:34:20.587+0800	controller/handler.go:24	[GoAdmin] [0;37;44m 200 [0m [0;37;104m GET   [0m /admin/info/twitter_account
2022-06-20T18:35:11.223+0800	controller/handler.go:24	[GoAdmin] [0;37;44m 200 [0m [0;37;104m GET   [0m /admin/info/twitter_account
2022-06-20T18:35:19.962+0800	controller/handler.go:24	[GoAdmin] [0;37;44m 200 [0m [0;37;104m GET   [0m /admin/info/twitter_account/edit
2022-06-20T18:35:19.993+0800	controller/handler.go:24	[GoAdmin] [0;37;44m 200 [0m [0;37;104m GET   [0m /admin/info/twitter_account/edit
2022-06-20T18:36:04.835+0800	controller/handler.go:24	[GoAdmin] [0;37;44m 200 [0m [0;37;104m GET   [0m /admin/info/twitter_account
2022-06-20T18:43:06.851+0800	controller/handler.go:24	[GoAdmin] [0;37;44m 200 [0m [0;37;104m GET   [0m /admin/info/twitter_account
2022-06-20T18:56:37.090+0800	controller/handler.go:24	[GoAdmin] [0;37;44m 200 [0m [0;37;104m GET   [0m /admin/info/twitter_account
2022-06-20T18:56:37.090+0800	controller/handler.go:24	[GoAdmin] [0;37;44m 200 [0m [0;37;104m GET   [0m /admin/info/twitter_account
2022-06-20T18:56:39.967+0800	controller/handler.go:24	[GoAdmin] [0;37;44m 200 [0m [0;37;104m GET   [0m /admin/menu
2022-06-20T18:57:28.377+0800	controller/handler.go:24	[GoAdmin] [0;37;44m 200 [0m [0;37;104m POST   [0m /admin/menu/new
2022-06-20T18:57:29.916+0800	controller/handler.go:24	[GoAdmin] [0;37;44m 200 [0m [0;37;104m GET   [0m /admin/menu
2022-06-20T18:57:31.492+0800	controller/handler.go:24	[GoAdmin] [0;37;44m 200 [0m [0;37;104m GET   [0m /admin/info/tweets
2022-06-20T18:57:37.743+0800	controller/handler.go:24	[GoAdmin] [0;37;44m 200 [0m [0;37;104m GET   [0m /admin/info/tweets
2022-06-20T18:57:41.663+0800	controller/handler.go:24	[GoAdmin] [0;37;44m 200 [0m [0;37;104m GET   [0m /admin/info/tweets
2022-06-20T18:58:37.288+0800	controller/handler.go:24	[GoAdmin] [0;37;44m 200 [0m [0;37;104m GET   [0m /admin/info/tweets
2022-06-20T18:58:41.522+0800	controller/handler.go:24	[GoAdmin] [0;37;44m 200 [0m [0;37;104m GET   [0m /admin/info/tweets
2022-06-20T18:58:43.785+0800	controller/handler.go:24	[GoAdmin] [0;37;44m 200 [0m [0;37;104m GET   [0m /admin/info/tweets
2022-06-20T18:58:46.891+0800	controller/handler.go:24	[GoAdmin] [0;37;44m 200 [0m [0;37;104m GET   [0m /admin/info/tweets
2022-06-20T18:58:49.706+0800	controller/handler.go:24	[GoAdmin] [0;37;44m 200 [0m [0;37;104m GET   [0m /admin/info/tweets
2022-06-20T19:00:24.051+0800	controller/handler.go:24	[GoAdmin] [0;37;44m 200 [0m [0;37;104m GET   [0m /admin/menu
2022-06-20T19:00:45.325+0800	controller/handler.go:24	[GoAdmin] [0;37;44m 200 [0m [0;37;104m POST   [0m /admin/menu/new
2022-06-20T19:00:46.863+0800	controller/handler.go:24	[GoAdmin] [0;37;44m 200 [0m [0;37;104m GET   [0m /admin/menu
2022-06-20T19:01:35.109+0800	controller/handler.go:24	[GoAdmin] [0;37;44m 200 [0m [0;37;104m GET   [0m /admin/menu/edit/show
2022-06-20T19:01:40.186+0800	controller/handler.go:24	[GoAdmin] [0;37;44m 200 [0m [0;37;104m POST   [0m /admin/menu/edit
2022-06-20T19:01:48.783+0800	controller/handler.go:24	[GoAdmin] [0;37;44m 200 [0m [0;37;104m GET   [0m /admin/menu
2022-06-20T19:02:11.858+0800	controller/handler.go:24	[GoAdmin] [0;37;44m 200 [0m [0;37;104m GET   [0m /admin/menu/edit/show
2022-06-20T19:02:16.619+0800	controller/handler.go:24	[GoAdmin] [0;37;44m 200 [0m [0;37;104m POST   [0m /admin/menu/edit
2022-06-20T19:02:17.270+0800	controller/handler.go:24	[GoAdmin] [0;37;44m 200 [0m [0;37;104m GET   [0m /admin/menu
2022-06-20T19:02:43.987+0800	controller/handler.go:24	[GoAdmin] [0;37;44m 200 [0m [0;37;104m POST   [0m /admin/menu/new
2022-06-20T19:02:44.577+0800	controller/handler.go:24	[GoAdmin] [0;37;44m 200 [0m [0;37;104m GET   [0m /admin/menu
2022-06-20T19:02:51.498+0800	controller/handler.go:24	[GoAdmin] [0;37;44m 200 [0m [0;37;104m POST   [0m /admin/menu/order
2022-06-20T19:02:51.542+0800	controller/handler.go:24	[GoAdmin] [0;37;44m 200 [0m [0;37;104m GET   [0m /admin/menu
2022-06-20T19:02:52.287+0800	controller/handler.go:24	[GoAdmin] [0;37;44m 200 [0m [0;37;104m GET   [0m /admin/menu
2022-06-20T19:02:53.979+0800	controller/handler.go:24	[GoAdmin] [0;37;44m 200 [0m [0;37;104m GET   [0m /admin/info/twitter_account
2022-06-20T19:02:58.503+0800	controller/handler.go:24	[GoAdmin] [0;37;44m 200 [0m [0;37;104m GET   [0m /admin/menu
2022-06-20T19:03:00.795+0800	controller/handler.go:24	[GoAdmin] [0;37;44m 200 [0m [0;37;104m GET   [0m /admin/menu/edit/show
2022-06-20T19:03:04.502+0800	controller/handler.go:24	[GoAdmin] [0;37;44m 200 [0m [0;37;104m POST   [0m /admin/menu/edit
2022-06-20T19:03:07.605+0800	controller/handler.go:24	[GoAdmin] [0;37;44m 200 [0m [0;37;104m GET   [0m /admin/menu/edit/show
2022-06-20T19:03:12.787+0800	controller/handler.go:24	[GoAdmin] [0;37;44m 200 [0m [0;37;104m POST   [0m /admin/menu/edit
2022-06-20T19:03:13.508+0800	controller/handler.go:24	[GoAdmin] [0;37;44m 200 [0m [0;37;104m GET   [0m /admin/menu
2022-06-20T19:03:16.346+0800	controller/handler.go:24	[GoAdmin] [0;37;44m 200 [0m [0;37;104m GET   [0m /admin/info/tweets
2022-06-20T19:03:17.048+0800	controller/handler.go:24	[GoAdmin] [0;37;44m 200 [0m [0;37;104m GET   [0m /admin/info/twitter_account
2022-06-20T19:03:18.164+0800	controller/handler.go:24	[GoAdmin] [0;37;44m 200 [0m [0;37;104m GET   [0m /admin/info/tweets
2022-06-20T19:04:28.677+0800	controller/handler.go:24	[GoAdmin] [0;37;44m 200 [0m [0;37;104m GET   [0m /admin/info/tweets
2022-06-20T19:04:31.291+0800	controller/handler.go:24	[GoAdmin] [0;37;44m 200 [0m [0;37;104m GET   [0m /admin/info/tweets
2022-06-20T19:04:34.400+0800	controller/handler.go:24	[GoAdmin] [0;37;44m 200 [0m [0;37;104m GET   [0m /admin/info/tweets
2022-06-20T19:04:56.305+0800	controller/handler.go:24	[GoAdmin] [0;37;44m 200 [0m [0;37;104m GET   [0m /admin/info/twitter_account
2022-06-20T19:04:56.954+0800	controller/handler.go:24	[GoAdmin] [0;37;44m 200 [0m [0;37;104m GET   [0m /admin/info/tweets
2022-06-20T19:04:59.811+0800	controller/handler.go:24	[GoAdmin] [0;37;44m 200 [0m [0;37;104m GET   [0m /admin/info/tweets
2022-06-20T19:05:02.166+0800	controller/handler.go:24	[GoAdmin] [0;37;44m 200 [0m [0;37;104m GET   [0m /admin/info/tweets
2022-06-20T19:05:24.071+0800	controller/handler.go:24	[GoAdmin] [0;37;44m 200 [0m [0;37;104m GET   [0m /admin/info/twitter_account
2022-06-20T19:06:16.848+0800	controller/handler.go:24	[GoAdmin] [0;37;44m 200 [0m [0;37;104m GET   [0m /admin/info/tweets
2022-06-20T19:06:17.979+0800	controller/handler.go:24	[GoAdmin] [0;37;44m 200 [0m [0;37;104m GET   [0m /admin/info/twitter_account
2022-06-20T19:19:19.568+0800	controller/handler.go:24	[GoAdmin] [0;37;44m 200 [0m [0;37;104m GET   [0m /admin/assets/dist/css/blue.png
2022-06-21T09:33:18.880+0800	controller/handler.go:24	[GoAdmin] [0;37;44m 302 [0m [0;37;104m GET   [0m /admin/info/tweets
2022-06-21T09:33:18.972+0800	controller/handler.go:24	[GoAdmin] [0;37;44m 200 [0m [0;37;104m GET   [0m /admin/login
2022-06-21T09:33:19.057+0800	controller/handler.go:24	[GoAdmin] [0;37;44m 302 [0m [0;37;104m GET   [0m /admin/info/tweets
2022-06-21T09:33:19.067+0800	controller/handler.go:24	[GoAdmin] [0;37;44m 200 [0m [0;37;104m GET   [0m /admin/login
2022-06-21T09:33:24.621+0800	controller/handler.go:24	[GoAdmin] [0;37;44m 200 [0m [0;37;104m POST   [0m /admin/signin
2022-06-21T09:33:24.679+0800	controller/handler.go:24	[GoAdmin] [0;37;44m 200 [0m [0;37;104m GET   [0m /admin/info/twitter_account
2022-06-21T09:33:26.376+0800	controller/handler.go:24	[GoAdmin] [0;37;44m 200 [0m [0;37;104m GET   [0m /admin/info/tweets
2022-06-21T09:33:27.321+0800	controller/handler.go:24	[GoAdmin] [0;37;44m 200 [0m [0;37;104m GET   [0m /admin/info/twitter_account
2022-06-21T09:33:58.184+0800	controller/handler.go:24	[GoAdmin] [0;37;44m 200 [0m [0;37;104m GET   [0m /admin/info/twitter_account
2022-06-21T09:55:35.546+0800	controller/handler.go:24	[GoAdmin] [0;37;44m 200 [0m [0;37;104m GET   [0m /admin/menu
2022-06-21T09:56:48.786+0800	controller/handler.go:24	[GoAdmin] [0;37;44m 200 [0m [0;37;104m GET   [0m /admin/menu
2022-06-21T10:12:48.369+0800	controller/handler.go:24	[GoAdmin] [0;37;44m 200 [0m [0;37;104m POST   [0m /admin/menu/new
2022-06-21T10:12:49.465+0800	controller/handler.go:24	[GoAdmin] [0;37;44m 200 [0m [0;37;104m GET   [0m /admin/menu
2022-06-21T10:12:56.913+0800	controller/handler.go:24	[GoAdmin] [0;37;44m 200 [0m [0;37;104m POST   [0m /admin/menu/new
2022-06-21T10:12:57.613+0800	controller/handler.go:24	[GoAdmin] [0;37;44m 200 [0m [0;37;104m GET   [0m /admin/menu
2022-06-21T10:14:20.705+0800	controller/handler.go:24	[GoAdmin] [0;37;44m 200 [0m [0;37;104m GET   [0m /admin/menu
2022-06-21T10:15:02.741+0800	controller/handler.go:24	[GoAdmin] [0;37;44m 200 [0m [0;37;104m POST   [0m /admin/menu/new
2022-06-21T10:15:04.150+0800	controller/handler.go:24	[GoAdmin] [0;37;44m 200 [0m [0;37;104m GET   [0m /admin/menu
2022-06-21T10:16:06.539+0800	controller/handler.go:24	[GoAdmin] [0;37;44m 200 [0m [0;37;104m POST   [0m /admin/menu/new
2022-06-21T10:16:07.297+0800	controller/handler.go:24	[GoAdmin] [0;37;44m 200 [0m [0;37;104m GET   [0m /admin/menu
2022-06-21T10:37:55.819+0800	controller/handler.go:24	[GoAdmin] [0;37;44m 200 [0m [0;37;104m GET   [0m /admin/info/twitter_account
2022-06-21T10:38:00.906+0800	controller/handler.go:24	[GoAdmin] [0;37;44m 200 [0m [0;37;104m GET   [0m /admin/info/tweets
2022-06-21T10:39:38.680+0800	controller/handler.go:24	[GoAdmin] [0;37;44m 200 [0m [0;37;104m GET   [0m /admin/info/tweets
2022-06-21T10:41:11.290+0800	controller/handler.go:24	[GoAdmin] [0;37;44m 200 [0m [0;37;104m GET   [0m /admin/info/tweets
2022-06-21T10:41:13.185+0800	controller/handler.go:24	[GoAdmin] [0;37;44m 200 [0m [0;37;104m GET   [0m /admin/info/twitter_account
2022-06-21T10:41:59.139+0800	controller/handler.go:24	[GoAdmin] [0;37;44m 200 [0m [0;37;104m GET   [0m /admin/info/twitter_account
2022-06-21T10:44:30.451+0800	controller/handler.go:24	[GoAdmin] [0;37;44m 200 [0m [0;37;104m GET   [0m /admin/info/twitter_account
2022-06-21T11:00:46.400+0800	controller/handler.go:24	[GoAdmin] [0;37;44m 200 [0m [0;37;104m GET   [0m /admin/menu
2022-06-21T11:35:15.597+0800	controller/handler.go:24	[GoAdmin] [0;37;44m 302 [0m [0;37;104m GET   [0m /admin/info/twitter_account
2022-06-21T11:35:15.619+0800	controller/handler.go:24	[GoAdmin] [0;37;44m 200 [0m [0;37;104m GET   [0m /admin/login
2022-06-21T11:35:15.649+0800	controller/handler.go:24	[GoAdmin] [0;37;44m 302 [0m [0;37;104m GET   [0m /admin/info/twitter_account
2022-06-21T11:35:15.658+0800	controller/handler.go:24	[GoAdmin] [0;37;44m 200 [0m [0;37;104m GET   [0m /admin/login
2022-06-21T11:35:19.580+0800	controller/handler.go:24	[GoAdmin] [0;37;44m 200 [0m [0;37;104m POST   [0m /admin/signin
2022-06-21T11:35:19.637+0800	controller/handler.go:24	[GoAdmin] [0;37;44m 200 [0m [0;37;104m GET   [0m /admin/menu
2022-06-21T11:35:21.971+0800	controller/handler.go:24	[GoAdmin] [0;37;44m 200 [0m [0;37;104m GET   [0m /admin/info/twitter_account
2022-06-21T14:07:04.391+0800	controller/handler.go:24	[GoAdmin] [0;37;44m 200 [0m [0;37;104m GET   [0m /admin/login
2022-06-21T14:07:04.416+0800	controller/handler.go:24	[GoAdmin] [0;37;44m 200 [0m [0;37;104m GET   [0m /admin/login
2022-06-21T14:07:07.918+0800	controller/handler.go:24	[GoAdmin] [0;37;44m 200 [0m [0;37;104m POST   [0m /admin/signin
2022-06-21T14:07:07.968+0800	controller/handler.go:24	[GoAdmin] [0;37;44m 200 [0m [0;37;104m GET   [0m /admin/info/twitter_account
2022-06-21T14:07:08.069+0800	controller/handler.go:24	[GoAdmin] [0;37;44m 200 [0m [0;37;104m GET   [0m /admin/assets/dist/js/form.min.f8678914e9.js
2022-06-21T14:07:09.955+0800	controller/handler.go:24	[GoAdmin] [0;37;44m 200 [0m [0;37;104m GET   [0m /admin/menu
2022-06-21T14:07:33.444+0800	controller/handler.go:24	[GoAdmin] [0;37;44m 200 [0m [0;37;104m POST   [0m /admin/menu/new
2022-06-21T14:08:05.300+0800	controller/handler.go:24	[GoAdmin] [0;37;44m 200 [0m [0;37;104m POST   [0m /admin/menu/new
2022-06-21T14:08:30.220+0800	controller/handler.go:24	[GoAdmin] [0;37;44m 200 [0m [0;37;104m POST   [0m /admin/menu/new
2022-06-21T14:08:58.987+0800	controller/handler.go:24	[GoAdmin] [0;37;44m 200 [0m [0;37;104m POST   [0m /admin/menu/new
2022-06-21T14:09:02.609+0800	controller/handler.go:24	[GoAdmin] [0;37;44m 200 [0m [0;37;104m GET   [0m /admin/menu/edit/show
2022-06-21T14:09:06.196+0800	controller/handler.go:24	[GoAdmin] [0;37;44m 200 [0m [0;37;104m POST   [0m /admin/menu/edit
2022-06-21T14:09:28.871+0800	controller/handler.go:24	[GoAdmin] [0;37;44m 200 [0m [0;37;104m POST   [0m /admin/menu/new
2022-06-21T14:09:54.138+0800	controller/handler.go:24	[GoAdmin] [0;37;44m 200 [0m [0;37;104m POST   [0m /admin/menu/new
2022-06-21T14:09:54.951+0800	controller/handler.go:24	[GoAdmin] [0;37;44m 200 [0m [0;37;104m GET   [0m /admin/menu
2022-06-21T14:10:06.464+0800	controller/handler.go:24	[GoAdmin] [0;37;44m 200 [0m [0;37;104m GET   [0m /admin/menu/edit/show
2022-06-21T14:10:24.250+0800	controller/handler.go:24	[GoAdmin] [0;37;44m 200 [0m [0;37;104m POST   [0m /admin/menu/edit
2022-06-21T14:10:27.996+0800	controller/handler.go:24	[GoAdmin] [0;37;44m 200 [0m [0;37;104m GET   [0m /admin/menu/edit/show
2022-06-21T14:10:34.197+0800	controller/handler.go:24	[GoAdmin] [0;37;44m 200 [0m [0;37;104m POST   [0m /admin/menu/edit
2022-06-21T14:10:38.118+0800	controller/handler.go:24	[GoAdmin] [0;37;44m 200 [0m [0;37;104m GET   [0m /admin/menu/edit/show
2022-06-21T14:10:49.043+0800	controller/handler.go:24	[GoAdmin] [0;37;44m 200 [0m [0;37;104m POST   [0m /admin/menu/edit
2022-06-21T14:10:51.716+0800	controller/handler.go:24	[GoAdmin] [0;37;44m 200 [0m [0;37;104m GET   [0m /admin/menu/edit/show
2022-06-21T14:10:57.417+0800	controller/handler.go:24	[GoAdmin] [0;37;44m 200 [0m [0;37;104m POST   [0m /admin/menu/edit
2022-06-21T14:10:58.163+0800	controller/handler.go:24	[GoAdmin] [0;37;44m 200 [0m [0;37;104m GET   [0m /admin/menu
2022-06-21T14:11:04.600+0800	controller/handler.go:24	[GoAdmin] [0;37;44m 200 [0m [0;37;104m GET   [0m /admin/menu/edit/show
2022-06-21T14:11:16.077+0800	controller/handler.go:24	[GoAdmin] [0;37;44m 200 [0m [0;37;104m POST   [0m /admin/menu/edit
2022-06-21T14:11:17.454+0800	controller/handler.go:24	[GoAdmin] [0;37;44m 200 [0m [0;37;104m GET   [0m /admin/menu
2022-06-21T14:11:23.115+0800	controller/handler.go:24	[GoAdmin] [0;37;44m 200 [0m [0;37;104m GET   [0m /admin/info/discord_guild
2022-06-21T14:13:09.516+0800	controller/handler.go:24	[GoAdmin] [0;37;44m 200 [0m [0;37;104m GET   [0m /admin/info/discord_guild
2022-06-21T14:13:26.557+0800	controller/handler.go:24	[GoAdmin] [0;37;44m 200 [0m [0;37;104m GET   [0m /admin/info/discord_guild
2022-06-21T14:13:30.109+0800	controller/handler.go:24	[GoAdmin] [0;37;44m 200 [0m [0;37;104m GET   [0m /admin/info/discord_guild
2022-06-21T14:13:45.091+0800	controller/handler.go:24	[GoAdmin] [0;37;44m 200 [0m [0;37;104m GET   [0m /admin/info/discord_guild/new
2022-06-21T14:13:47.867+0800	controller/handler.go:24	[GoAdmin] [0;37;44m 200 [0m [0;37;104m GET   [0m /admin/info/discord_guild
2022-06-21T14:14:02.355+0800	controller/handler.go:24	[GoAdmin] [0;37;44m 200 [0m [0;37;104m GET   [0m /admin/info/discord_guild
2022-06-21T14:14:39.304+0800	controller/handler.go:24	[GoAdmin] [0;37;44m 200 [0m [0;37;104m GET   [0m /admin/info/discord_guild
2022-06-21T14:18:36.319+0800	controller/handler.go:24	[GoAdmin] [0;37;44m 200 [0m [0;37;104m GET   [0m /admin/info/discord_guild
2022-06-21T14:22:20.715+0800	controller/handler.go:24	[GoAdmin] [0;37;44m 200 [0m [0;37;104m GET   [0m /admin/info/discord_guild
2022-06-21T15:53:22.159+0800	controller/handler.go:24	[GoAdmin] [0;37;44m 200 [0m [0;37;104m GET   [0m /admin/info/discord_guild
2022-06-21T15:54:57.775+0800	controller/handler.go:24	[GoAdmin] [0;37;44m 200 [0m [0;37;104m GET   [0m /admin/info/discord_guild
2022-06-21T15:56:23.492+0800	controller/handler.go:24	[GoAdmin] [0;37;44m 200 [0m [0;37;104m GET   [0m /admin/info/twitter_account
2022-06-21T16:14:22.830+0800	controller/handler.go:24	[GoAdmin] [0;37;44m 302 [0m [0;37;104m GET   [0m /admin/info/tweets
2022-06-21T16:14:22.840+0800	controller/handler.go:24	[GoAdmin] [0;37;44m 200 [0m [0;37;104m GET   [0m /admin/login
2022-06-21T16:14:22.857+0800	controller/handler.go:24	[GoAdmin] [0;37;44m 302 [0m [0;37;104m GET   [0m /admin/info/tweets
2022-06-21T16:14:22.865+0800	controller/handler.go:24	[GoAdmin] [0;37;44m 200 [0m [0;37;104m GET   [0m /admin/login
2022-06-21T16:14:26.581+0800	controller/handler.go:24	[GoAdmin] [0;37;44m 200 [0m [0;37;104m POST   [0m /admin/signin
2022-06-21T16:14:26.627+0800	controller/handler.go:24	[GoAdmin] [0;37;44m 200 [0m [0;37;104m GET   [0m /admin/info/twitter_account
2022-06-21T16:14:28.230+0800	controller/handler.go:24	[GoAdmin] [0;37;44m 200 [0m [0;37;104m GET   [0m /admin/info/twitter_account
2022-06-21T16:14:30.826+0800	controller/handler.go:24	[GoAdmin] [0;37;44m 200 [0m [0;37;104m GET   [0m /admin/info/tweets
2022-06-21T16:15:04.448+0800	controller/handler.go:24	[GoAdmin] [0;37;44m 200 [0m [0;37;104m GET   [0m /admin/info/discord_guild_realtime
2022-06-21T16:19:13.862+0800	controller/handler.go:24	[GoAdmin] [0;37;44m 200 [0m [0;37;104m GET   [0m /admin/info/discord_guild_realtime
2022-06-21T16:19:52.974+0800	controller/handler.go:24	[GoAdmin] [0;37;44m 200 [0m [0;37;104m GET   [0m /admin/info/discord_guild_daily
2022-06-21T16:20:28.558+0800	controller/handler.go:24	[GoAdmin] [0;37;44m 200 [0m [0;37;104m GET   [0m /admin/info/discord_channel
2022-06-21T16:22:17.237+0800	controller/handler.go:24	[GoAdmin] [0;37;44m 200 [0m [0;37;104m GET   [0m /admin/info/discord_channel
2022-06-21T16:22:24.191+0800	controller/handler.go:24	[GoAdmin] [0;37;44m 200 [0m [0;37;104m GET   [0m /admin/info/discord_channel/detail
2022-06-21T16:22:25.017+0800	controller/handler.go:24	[GoAdmin] [0;37;44m 200 [0m [0;37;104m GET   [0m /admin/info/discord_channel
2022-06-21T16:22:59.339+0800	controller/handler.go:24	[GoAdmin] [0;37;44m 200 [0m [0;37;104m GET   [0m /admin/info/discord_channel
2022-06-21T16:23:00.523+0800	controller/handler.go:24	[GoAdmin] [0;37;44m 200 [0m [0;37;104m GET   [0m /admin/info/discord_channel
2022-06-21T16:23:48.106+0800	controller/handler.go:24	[GoAdmin] [0;37;44m 200 [0m [0;37;104m GET   [0m /admin/info/discord_channel
2022-06-21T16:24:18.465+0800	controller/handler.go:24	[GoAdmin] [0;37;44m 200 [0m [0;37;104m GET   [0m /admin/info/discord_channel
2022-06-21T16:27:48.500+0800	controller/handler.go:24	[GoAdmin] [0;37;44m 200 [0m [0;37;104m GET   [0m /admin/menu
2022-06-21T16:27:51.753+0800	controller/handler.go:24	[GoAdmin] [0;37;44m 200 [0m [0;37;104m GET   [0m /admin/menu/edit/show
2022-06-21T16:27:58.933+0800	controller/handler.go:24	[GoAdmin] [0;37;44m 200 [0m [0;37;104m POST   [0m /admin/menu/edit
2022-06-21T16:27:59.869+0800	controller/handler.go:24	[GoAdmin] [0;37;44m 200 [0m [0;37;104m GET   [0m /admin/menu
2022-06-21T16:28:05.039+0800	controller/handler.go:24	[GoAdmin] [0;37;44m 200 [0m [0;37;104m GET   [0m /admin/info/discord_channel_realtime
2022-06-21T16:28:58.608+0800	controller/handler.go:24	[GoAdmin] [0;37;44m 200 [0m [0;37;104m GET   [0m /admin/info/discord_channel_realtime
2022-06-21T16:31:02.564+0800	controller/handler.go:24	[GoAdmin] [0;37;44m 200 [0m [0;37;104m GET   [0m /admin/info/discord_channel_realtime
2022-06-21T16:31:18.412+0800	controller/handler.go:24	[GoAdmin] [0;37;44m 200 [0m [0;37;104m GET   [0m /admin/info/discord_channel_daily
2022-06-21T16:31:32.886+0800	controller/handler.go:24	[GoAdmin] [0;37;44m 200 [0m [0;37;104m GET   [0m /admin/info/discord_channel_daily
2022-06-21T16:32:27.149+0800	controller/handler.go:24	[GoAdmin] [0;37;44m 200 [0m [0;37;104m GET   [0m /admin/info/discord_channel
2022-06-21T16:35:00.072+0800	controller/handler.go:24	[GoAdmin] [0;37;44m 200 [0m [0;37;104m GET   [0m /admin/info/telegram_group
2022-06-21T16:35:54.816+0800	controller/handler.go:24	[GoAdmin] [0;37;44m 200 [0m [0;37;104m GET   [0m /admin/info/telegram_group
2022-06-21T16:36:53.620+0800	controller/handler.go:24	[GoAdmin] [0;37;44m 200 [0m [0;37;104m GET   [0m /admin/info/group_daily
2022-06-21T16:37:23.573+0800	controller/handler.go:24	[GoAdmin] [0;37;44m 200 [0m [0;37;104m GET   [0m /admin/menu
2022-06-21T16:37:26.795+0800	controller/handler.go:24	[GoAdmin] [0;37;44m 200 [0m [0;37;104m GET   [0m /admin/menu/edit/show
2022-06-21T16:37:29.889+0800	controller/handler.go:24	[GoAdmin] [0;37;44m 200 [0m [0;37;104m POST   [0m /admin/menu/edit
2022-06-21T16:37:31.516+0800	controller/handler.go:24	[GoAdmin] [0;37;44m 200 [0m [0;37;104m GET   [0m /admin/menu
2022-06-21T16:37:33.203+0800	controller/handler.go:24	[GoAdmin] [0;37;44m 200 [0m [0;37;104m GET   [0m /admin/info/telegram_group_daily
2022-06-21T16:38:24.171+0800	controller/handler.go:24	[GoAdmin] [0;37;44m 200 [0m [0;37;104m GET   [0m /admin/info/telegram_group_daily
2022-06-21T16:39:13.523+0800	controller/handler.go:24	[GoAdmin] [0;37;44m 200 [0m [0;37;104m GET   [0m /admin/menu
2022-06-21T16:39:46.159+0800	controller/handler.go:24	[GoAdmin] [0;37;44m 200 [0m [0;37;104m GET   [0m /admin/menu/edit/show
2022-06-21T16:39:52.630+0800	controller/handler.go:24	[GoAdmin] [0;37;44m 200 [0m [0;37;104m POST   [0m /admin/menu/edit
2022-06-21T16:39:53.456+0800	controller/handler.go:24	[GoAdmin] [0;37;44m 200 [0m [0;37;104m GET   [0m /admin/menu
2022-06-21T16:40:08.688+0800	controller/handler.go:24	[GoAdmin] [0;37;44m 200 [0m [0;37;104m GET   [0m /admin/menu
2022-06-21T16:40:40.965+0800	controller/handler.go:24	[GoAdmin] [0;37;44m 200 [0m [0;37;104m POST   [0m /admin/menu/new
2022-06-21T16:40:42.321+0800	controller/handler.go:24	[GoAdmin] [0;37;44m 200 [0m [0;37;104m GET   [0m /admin/menu
2022-06-21T16:40:45.909+0800	controller/handler.go:24	[GoAdmin] [0;37;44m 200 [0m [0;37;104m GET   [0m /admin/info/telegram_group_realtime
2022-06-21T16:44:45.606+0800	controller/handler.go:24	[GoAdmin] [0;37;44m 200 [0m [0;37;104m GET   [0m /admin/info/twitter_account
2022-06-21T16:44:49.544+0800	controller/handler.go:24	[GoAdmin] [0;37;44m 200 [0m [0;37;104m GET   [0m /admin/info/tweets
2022-06-21T17:00:20.116+0800	controller/handler.go:24	[GoAdmin] [0;37;44m 200 [0m [0;37;104m GET   [0m /admin/info/tweets
2022-06-21T17:20:14.211+0800	controller/handler.go:24	[GoAdmin] [0;37;44m 200 [0m [0;37;104m GET   [0m /admin/info/twitter_account
2022-06-21T17:20:21.085+0800	controller/handler.go:24	[GoAdmin] [0;37;44m 200 [0m [0;37;104m GET   [0m /admin/info/tweets
2022-06-21T17:20:21.917+0800	controller/handler.go:24	[GoAdmin] [0;37;44m 200 [0m [0;37;104m GET   [0m /admin/info/twitter_account
2022-06-21T18:11:24.217+0800	controller/handler.go:24	[GoAdmin] [0;37;44m 200 [0m [0;37;104m GET   [0m /admin/info/twitter_account
2022-06-21T18:11:25.442+0800	controller/handler.go:24	[GoAdmin] [0;37;44m 200 [0m [0;37;104m GET   [0m /admin/info/twitter_account
2022-06-21T18:11:25.584+0800	controller/handler.go:24	[GoAdmin] [0;37;44m 200 [0m [0;37;104m GET   [0m /admin/assets/dist/js/form.min.f8678914e9.js
2022-06-21T18:11:42.659+0800	controller/handler.go:24	[GoAdmin] [0;37;44m 200 [0m [0;37;104m GET   [0m /admin/info/tweets
2022-06-21T18:11:48.198+0800	controller/handler.go:24	[GoAdmin] [0;37;44m 200 [0m [0;37;104m GET   [0m /admin/info/tweets
2022-06-21T18:11:53.140+0800	controller/handler.go:24	[GoAdmin] [0;37;44m 200 [0m [0;37;104m GET   [0m /admin/info/tweets
2022-06-21T18:12:12.918+0800	controller/handler.go:24	[GoAdmin] [0;37;44m 200 [0m [0;37;104m GET   [0m /admin/info/discord_guild_realtime
2022-06-21T18:12:14.209+0800	controller/handler.go:24	[GoAdmin] [0;37;44m 200 [0m [0;37;104m GET   [0m /admin/info/discord_guild_daily
2022-06-21T18:12:15.103+0800	controller/handler.go:24	[GoAdmin] [0;37;44m 200 [0m [0;37;104m GET   [0m /admin/info/discord_guild_realtime
2022-06-21T18:12:18.087+0800	controller/handler.go:24	[GoAdmin] [0;37;44m 200 [0m [0;37;104m GET   [0m /admin/info/discord_channel
2022-06-21T18:12:38.449+0800	controller/handler.go:24	[GoAdmin] [0;37;44m 200 [0m [0;37;104m GET   [0m /admin/info/telegram_group_daily
2022-06-21T18:12:39.471+0800	controller/handler.go:24	[GoAdmin] [0;37;44m 200 [0m [0;37;104m GET   [0m /admin/info/telegram_group_realtime
2022-06-21T18:22:17.591+0800	controller/handler.go:24	[GoAdmin] [0;37;44m 302 [0m [0;37;104m GET   [0m /admin/info/telegram_group_realtime
2022-06-21T18:22:17.607+0800	controller/handler.go:24	[GoAdmin] [0;37;44m 200 [0m [0;37;104m GET   [0m /admin/login
2022-06-21T18:22:21.290+0800	controller/handler.go:24	[GoAdmin] [0;37;44m 200 [0m [0;37;104m POST   [0m /admin/signin
2022-06-21T18:22:21.323+0800	controller/handler.go:24	[GoAdmin] [0;37;44m 200 [0m [0;37;104m GET   [0m /admin/info/telegram_group_realtime
2022-06-21T18:22:28.014+0800	controller/handler.go:24	[GoAdmin] [0;37;44m 200 [0m [0;37;104m GET   [0m /admin/info/twitter_account
2022-06-22T10:04:06.558+0800	controller/handler.go:24	[GoAdmin] [0;37;44m 200 [0m [0;37;104m GET   [0m /admin/info/twitter_account
2022-06-22T10:04:07.758+0800	controller/handler.go:24	[GoAdmin] [0;37;44m 200 [0m [0;37;104m GET   [0m /admin/login
2022-06-22T10:04:11.315+0800	controller/handler.go:24	[GoAdmin] [0;37;44m 200 [0m [0;37;104m POST   [0m /admin/signin
2022-06-22T10:04:11.322+0800	controller/handler.go:24	[GoAdmin] [0;37;44m 200 [0m [0;37;104m GET   [0m /admin/login
2022-06-22T10:04:14.616+0800	controller/handler.go:24	[GoAdmin] [0;37;44m 200 [0m [0;37;104m POST   [0m /admin/signin
2022-06-22T10:04:14.659+0800	controller/handler.go:24	[GoAdmin] [0;37;44m 200 [0m [0;37;104m GET   [0m /admin/info/telegram_group_realtime
2022-06-22T10:04:14.789+0800	controller/handler.go:24	[GoAdmin] [0;37;44m 200 [0m [0;37;104m GET   [0m /admin/assets/dist/js/form.min.f8678914e9.js
2022-06-22T10:04:17.575+0800	controller/handler.go:24	[GoAdmin] [0;37;44m 200 [0m [0;37;104m GET   [0m /admin/info/twitter_account
2022-06-22T11:32:21.770+0800	controller/handler.go:24	[GoAdmin] [0;37;44m 200 [0m [0;37;104m GET   [0m /admin/menu
2022-06-22T11:32:56.138+0800	controller/handler.go:24	[GoAdmin] [0;37;44m 200 [0m [0;37;104m POST   [0m /admin/menu/new
2022-06-22T11:33:17.221+0800	controller/handler.go:24	[GoAdmin] [0;37;44m 200 [0m [0;37;104m POST   [0m /admin/menu/new
2022-06-22T11:33:18.161+0800	controller/handler.go:24	[GoAdmin] [0;37;44m 200 [0m [0;37;104m GET   [0m /admin/menu
2022-06-22T11:33:23.545+0800	controller/handler.go:24	[GoAdmin] [0;37;44m 200 [0m [0;37;104m GET   [0m /admin/info/twitter_account_daily
2022-06-22T11:34:09.758+0800	controller/handler.go:24	[GoAdmin] [0;37;44m 200 [0m [0;37;104m GET   [0m /admin/info/twitter_account_realtime
