2022-06-20T18:35:19.964+0800	[31mERROR[0m	controller/handler.go:31	Error 1064: You have an error in your SQL syntax; check the manual that corresponds to your MySQL server version for the right syntax to use near '' at line 1
github.com/GoAdminGroup/go-admin/plugins/admin/controller.(*Handler).GlobalDeferHandler
	/Users/devil/go/pkg/mod/github.com/!go!admin!group/go-admin@v1.2.23/plugins/admin/controller/handler.go:31
runtime.gopanic
	/usr/local/go/src/runtime/panic.go:838
github.com/GoAdminGroup/go-admin/modules/db.CommonQuery
	/Users/devil/go/pkg/mod/github.com/!go!admin!group/go-admin@v1.2.23/modules/db/performer.go:20
github.com/GoAdminGroup/go-admin/modules/db.(*Mysql).QueryWithConnection
	/Users/devil/go/pkg/mod/github.com/!go!admin!group/go-admin@v1.2.23/modules/db/mysql.go:83
github.com/GoAdminGroup/go-admin/modules/db.(*SQL).ShowColumns
	/Users/devil/go/pkg/mod/github.com/!go!admin!group/go-admin@v1.2.23/modules/db/statement.go:449
github.com/GoAdminGroup/go-admin/plugins/admin/modules/table.(*DefaultTable).getColumns
	/Users/devil/go/pkg/mod/github.com/!go!admin!group/go-admin@v1.2.23/plugins/admin/modules/table/default.go:1138
github.com/GoAdminGroup/go-admin/plugins/admin/modules/table.(*DefaultTable).GetDataWithId
	/Users/devil/go/pkg/mod/github.com/!go!admin!group/go-admin@v1.2.23/plugins/admin/modules/table/default.go:646
github.com/GoAdminGroup/go-admin/plugins/admin/controller.(*Handler).showForm
	/Users/devil/go/pkg/mod/github.com/!go!admin!group/go-admin@v1.2.23/plugins/admin/controller/edit.go:61
github.com/GoAdminGroup/go-admin/plugins/admin/controller.(*Handler).ShowForm
	/Users/devil/go/pkg/mod/github.com/!go!admin!group/go-admin@v1.2.23/plugins/admin/controller/edit.go:31
github.com/GoAdminGroup/go-admin/context.(*Context).Next
	/Users/devil/go/pkg/mod/github.com/!go!admin!group/go-admin@v1.2.23/context/context.go:101
github.com/GoAdminGroup/go-admin/plugins/admin/modules/guard.(*Guard).ShowForm
	/Users/devil/go/pkg/mod/github.com/!go!admin!group/go-admin@v1.2.23/plugins/admin/modules/guard/edit.go:72
github.com/GoAdminGroup/go-admin/context.(*Context).Next
	/Users/devil/go/pkg/mod/github.com/!go!admin!group/go-admin@v1.2.23/context/context.go:101
github.com/GoAdminGroup/go-admin/plugins/admin/modules/guard.(*Guard).CheckPrefix
	/Users/devil/go/pkg/mod/github.com/!go!admin!group/go-admin@v1.2.23/plugins/admin/modules/guard/guard.go:51
github.com/GoAdminGroup/go-admin/context.(*Context).Next
	/Users/devil/go/pkg/mod/github.com/!go!admin!group/go-admin@v1.2.23/context/context.go:101
github.com/GoAdminGroup/go-admin/modules/auth.(*Invoker).Middleware.func1
	/Users/devil/go/pkg/mod/github.com/!go!admin!group/go-admin@v1.2.23/modules/auth/middleware.go:132
github.com/GoAdminGroup/go-admin/context.(*Context).Next
	/Users/devil/go/pkg/mod/github.com/!go!admin!group/go-admin@v1.2.23/context/context.go:101
github.com/GoAdminGroup/go-admin/plugins/admin.(*Admin).globalErrorHandler
	/Users/devil/go/pkg/mod/github.com/!go!admin!group/go-admin@v1.2.23/plugins/admin/router.go:106
github.com/GoAdminGroup/go-admin/context.(*Context).Next
	/Users/devil/go/pkg/mod/github.com/!go!admin!group/go-admin@v1.2.23/context/context.go:101
github.com/GoAdminGroup/go-admin/adapter/gin.(*Gin).AddHandler.func1
	/Users/devil/go/pkg/mod/github.com/!go!admin!group/go-admin@v1.2.23/adapter/gin/gin.go:91
github.com/gin-gonic/gin.(*Context).Next
	/Users/devil/go/pkg/mod/github.com/gin-gonic/gin@v1.8.1/context.go:173
github.com/gin-gonic/gin.CustomRecoveryWithWriter.func1
	/Users/devil/go/pkg/mod/github.com/gin-gonic/gin@v1.8.1/recovery.go:101
github.com/gin-gonic/gin.(*Context).Next
	/Users/devil/go/pkg/mod/github.com/gin-gonic/gin@v1.8.1/context.go:173
github.com/gin-gonic/gin.LoggerWithConfig.func1
	/Users/devil/go/pkg/mod/github.com/gin-gonic/gin@v1.8.1/logger.go:240
github.com/gin-gonic/gin.(*Context).Next
	/Users/devil/go/pkg/mod/github.com/gin-gonic/gin@v1.8.1/context.go:173
github.com/gin-gonic/gin.(*Engine).handleHTTPRequest
	/Users/devil/go/pkg/mod/github.com/gin-gonic/gin@v1.8.1/gin.go:616
github.com/gin-gonic/gin.(*Engine).ServeHTTP
	/Users/devil/go/pkg/mod/github.com/gin-gonic/gin@v1.8.1/gin.go:572
net/http.serverHandler.ServeHTTP
	/usr/local/go/src/net/http/server.go:2916
net/http.(*conn).serve
	/usr/local/go/src/net/http/server.go:1966
2022-06-20T18:35:19.997+0800	[31mERROR[0m	controller/handler.go:31	Error 1064: You have an error in your SQL syntax; check the manual that corresponds to your MySQL server version for the right syntax to use near '' at line 1
github.com/GoAdminGroup/go-admin/plugins/admin/controller.(*Handler).GlobalDeferHandler
	/Users/devil/go/pkg/mod/github.com/!go!admin!group/go-admin@v1.2.23/plugins/admin/controller/handler.go:31
runtime.gopanic
	/usr/local/go/src/runtime/panic.go:838
github.com/GoAdminGroup/go-admin/modules/db.CommonQuery
	/Users/devil/go/pkg/mod/github.com/!go!admin!group/go-admin@v1.2.23/modules/db/performer.go:20
github.com/GoAdminGroup/go-admin/modules/db.(*Mysql).QueryWithConnection
	/Users/devil/go/pkg/mod/github.com/!go!admin!group/go-admin@v1.2.23/modules/db/mysql.go:83
github.com/GoAdminGroup/go-admin/modules/db.(*SQL).ShowColumns
	/Users/devil/go/pkg/mod/github.com/!go!admin!group/go-admin@v1.2.23/modules/db/statement.go:449
github.com/GoAdminGroup/go-admin/plugins/admin/modules/table.(*DefaultTable).getColumns
	/Users/devil/go/pkg/mod/github.com/!go!admin!group/go-admin@v1.2.23/plugins/admin/modules/table/default.go:1138
github.com/GoAdminGroup/go-admin/plugins/admin/modules/table.(*DefaultTable).GetDataWithId
	/Users/devil/go/pkg/mod/github.com/!go!admin!group/go-admin@v1.2.23/plugins/admin/modules/table/default.go:646
github.com/GoAdminGroup/go-admin/plugins/admin/controller.(*Handler).showForm
	/Users/devil/go/pkg/mod/github.com/!go!admin!group/go-admin@v1.2.23/plugins/admin/controller/edit.go:61
github.com/GoAdminGroup/go-admin/plugins/admin/controller.(*Handler).ShowForm
	/Users/devil/go/pkg/mod/github.com/!go!admin!group/go-admin@v1.2.23/plugins/admin/controller/edit.go:31
github.com/GoAdminGroup/go-admin/context.(*Context).Next
	/Users/devil/go/pkg/mod/github.com/!go!admin!group/go-admin@v1.2.23/context/context.go:101
github.com/GoAdminGroup/go-admin/plugins/admin/modules/guard.(*Guard).ShowForm
	/Users/devil/go/pkg/mod/github.com/!go!admin!group/go-admin@v1.2.23/plugins/admin/modules/guard/edit.go:72
github.com/GoAdminGroup/go-admin/context.(*Context).Next
	/Users/devil/go/pkg/mod/github.com/!go!admin!group/go-admin@v1.2.23/context/context.go:101
github.com/GoAdminGroup/go-admin/plugins/admin/modules/guard.(*Guard).CheckPrefix
	/Users/devil/go/pkg/mod/github.com/!go!admin!group/go-admin@v1.2.23/plugins/admin/modules/guard/guard.go:51
github.com/GoAdminGroup/go-admin/context.(*Context).Next
	/Users/devil/go/pkg/mod/github.com/!go!admin!group/go-admin@v1.2.23/context/context.go:101
github.com/GoAdminGroup/go-admin/modules/auth.(*Invoker).Middleware.func1
	/Users/devil/go/pkg/mod/github.com/!go!admin!group/go-admin@v1.2.23/modules/auth/middleware.go:132
github.com/GoAdminGroup/go-admin/context.(*Context).Next
	/Users/devil/go/pkg/mod/github.com/!go!admin!group/go-admin@v1.2.23/context/context.go:101
github.com/GoAdminGroup/go-admin/plugins/admin.(*Admin).globalErrorHandler
	/Users/devil/go/pkg/mod/github.com/!go!admin!group/go-admin@v1.2.23/plugins/admin/router.go:106
github.com/GoAdminGroup/go-admin/context.(*Context).Next
	/Users/devil/go/pkg/mod/github.com/!go!admin!group/go-admin@v1.2.23/context/context.go:101
github.com/GoAdminGroup/go-admin/adapter/gin.(*Gin).AddHandler.func1
	/Users/devil/go/pkg/mod/github.com/!go!admin!group/go-admin@v1.2.23/adapter/gin/gin.go:91
github.com/gin-gonic/gin.(*Context).Next
	/Users/devil/go/pkg/mod/github.com/gin-gonic/gin@v1.8.1/context.go:173
github.com/gin-gonic/gin.CustomRecoveryWithWriter.func1
	/Users/devil/go/pkg/mod/github.com/gin-gonic/gin@v1.8.1/recovery.go:101
github.com/gin-gonic/gin.(*Context).Next
	/Users/devil/go/pkg/mod/github.com/gin-gonic/gin@v1.8.1/context.go:173
github.com/gin-gonic/gin.LoggerWithConfig.func1
	/Users/devil/go/pkg/mod/github.com/gin-gonic/gin@v1.8.1/logger.go:240
github.com/gin-gonic/gin.(*Context).Next
	/Users/devil/go/pkg/mod/github.com/gin-gonic/gin@v1.8.1/context.go:173
github.com/gin-gonic/gin.(*Engine).handleHTTPRequest
	/Users/devil/go/pkg/mod/github.com/gin-gonic/gin@v1.8.1/gin.go:616
github.com/gin-gonic/gin.(*Engine).ServeHTTP
	/Users/devil/go/pkg/mod/github.com/gin-gonic/gin@v1.8.1/gin.go:572
net/http.serverHandler.ServeHTTP
	/usr/local/go/src/net/http/server.go:2916
net/http.(*conn).serve
	/usr/local/go/src/net/http/server.go:1966
2022-06-21T10:39:38.684+0800	[31mERROR[0m	controller/handler.go:31	interface conversion: interface {} is string, not time.Time
github.com/GoAdminGroup/go-admin/plugins/admin/controller.(*Handler).GlobalDeferHandler
	/Users/devil/go/pkg/mod/github.com/!go!admin!group/go-admin@v1.2.23/plugins/admin/controller/handler.go:31
runtime.gopanic
	/usr/local/go/src/runtime/panic.go:838
runtime.panicdottypeE
	/usr/local/go/src/runtime/iface.go:262
github.com/teleport-network/teleport-analytics-dashboard/server/admin/tables.GetTweetsTable.func1
	/Users/devil/project/teleport-analytics-dashboard/server/admin/tables/tweets.go:22
github.com/GoAdminGroup/go-admin/template/types.FieldDisplay.ToDisplay
	/Users/devil/go/pkg/mod/github.com/!go!admin!group/go-admin@v1.2.23/template/types/display.go:39
github.com/GoAdminGroup/go-admin/plugins/admin/modules/table.(*DefaultTable).getTempModelData
	/Users/devil/go/pkg/mod/github.com/!go!admin!group/go-admin@v1.2.23/plugins/admin/modules/table/default.go:307
github.com/GoAdminGroup/go-admin/plugins/admin/modules/table.(*DefaultTable).getDataFromDatabase
	/Users/devil/go/pkg/mod/github.com/!go!admin!group/go-admin@v1.2.23/plugins/admin/modules/table/default.go:574
github.com/GoAdminGroup/go-admin/plugins/admin/modules/table.(*DefaultTable).GetData
	/Users/devil/go/pkg/mod/github.com/!go!admin!group/go-admin@v1.2.23/plugins/admin/modules/table/default.go:148
github.com/GoAdminGroup/go-admin/plugins/admin/controller.(*Handler).showTableData
	/Users/devil/go/pkg/mod/github.com/!go!admin!group/go-admin@v1.2.23/plugins/admin/controller/show.go:70
github.com/GoAdminGroup/go-admin/plugins/admin/controller.(*Handler).showTable
	/Users/devil/go/pkg/mod/github.com/!go!admin!group/go-admin@v1.2.23/plugins/admin/controller/show.go:102
github.com/GoAdminGroup/go-admin/plugins/admin/controller.(*Handler).ShowInfo
	/Users/devil/go/pkg/mod/github.com/!go!admin!group/go-admin@v1.2.23/plugins/admin/controller/show.go:60
github.com/GoAdminGroup/go-admin/context.(*Context).Next
	/Users/devil/go/pkg/mod/github.com/!go!admin!group/go-admin@v1.2.23/context/context.go:101
github.com/GoAdminGroup/go-admin/plugins/admin/modules/guard.(*Guard).CheckPrefix
	/Users/devil/go/pkg/mod/github.com/!go!admin!group/go-admin@v1.2.23/plugins/admin/modules/guard/guard.go:51
github.com/GoAdminGroup/go-admin/context.(*Context).Next
	/Users/devil/go/pkg/mod/github.com/!go!admin!group/go-admin@v1.2.23/context/context.go:101
github.com/GoAdminGroup/go-admin/modules/auth.(*Invoker).Middleware.func1
	/Users/devil/go/pkg/mod/github.com/!go!admin!group/go-admin@v1.2.23/modules/auth/middleware.go:132
github.com/GoAdminGroup/go-admin/context.(*Context).Next
	/Users/devil/go/pkg/mod/github.com/!go!admin!group/go-admin@v1.2.23/context/context.go:101
github.com/GoAdminGroup/go-admin/plugins/admin.(*Admin).globalErrorHandler
	/Users/devil/go/pkg/mod/github.com/!go!admin!group/go-admin@v1.2.23/plugins/admin/router.go:106
github.com/GoAdminGroup/go-admin/context.(*Context).Next
	/Users/devil/go/pkg/mod/github.com/!go!admin!group/go-admin@v1.2.23/context/context.go:101
github.com/GoAdminGroup/go-admin/adapter/gin.(*Gin).AddHandler.func1
	/Users/devil/go/pkg/mod/github.com/!go!admin!group/go-admin@v1.2.23/adapter/gin/gin.go:91
github.com/gin-gonic/gin.(*Context).Next
	/Users/devil/go/pkg/mod/github.com/gin-gonic/gin@v1.8.1/context.go:173
github.com/gin-gonic/gin.CustomRecoveryWithWriter.func1
	/Users/devil/go/pkg/mod/github.com/gin-gonic/gin@v1.8.1/recovery.go:101
github.com/gin-gonic/gin.(*Context).Next
	/Users/devil/go/pkg/mod/github.com/gin-gonic/gin@v1.8.1/context.go:173
github.com/gin-gonic/gin.LoggerWithConfig.func1
	/Users/devil/go/pkg/mod/github.com/gin-gonic/gin@v1.8.1/logger.go:240
github.com/gin-gonic/gin.(*Context).Next
	/Users/devil/go/pkg/mod/github.com/gin-gonic/gin@v1.8.1/context.go:173
github.com/gin-gonic/gin.(*Engine).handleHTTPRequest
	/Users/devil/go/pkg/mod/github.com/gin-gonic/gin@v1.8.1/gin.go:616
github.com/gin-gonic/gin.(*Engine).ServeHTTP
	/Users/devil/go/pkg/mod/github.com/gin-gonic/gin@v1.8.1/gin.go:572
net/http.serverHandler.ServeHTTP
	/usr/local/go/src/net/http/server.go:2916
net/http.(*conn).serve
	/usr/local/go/src/net/http/server.go:1966
2022-06-21T16:28:05.040+0800	[31mERROR[0m	controller/handler.go:31	Error 1054: Unknown column 'DiscordChannel.discordChannelId' in 'on clause'
github.com/GoAdminGroup/go-admin/plugins/admin/controller.(*Handler).GlobalDeferHandler
	/Users/devil/go/pkg/mod/github.com/!go!admin!group/go-admin@v1.2.23/plugins/admin/controller/handler.go:31
runtime.gopanic
	/usr/local/go/src/runtime/panic.go:838
github.com/GoAdminGroup/go-admin/modules/db.CommonQuery
	/Users/devil/go/pkg/mod/github.com/!go!admin!group/go-admin@v1.2.23/modules/db/performer.go:20
github.com/GoAdminGroup/go-admin/modules/db.(*Mysql).QueryWithConnection
	/Users/devil/go/pkg/mod/github.com/!go!admin!group/go-admin@v1.2.23/modules/db/mysql.go:83
github.com/GoAdminGroup/go-admin/plugins/admin/modules/table.(*DefaultTable).getDataFromDatabase
	/Users/devil/go/pkg/mod/github.com/!go!admin!group/go-admin@v1.2.23/plugins/admin/modules/table/default.go:565
github.com/GoAdminGroup/go-admin/plugins/admin/modules/table.(*DefaultTable).GetData
	/Users/devil/go/pkg/mod/github.com/!go!admin!group/go-admin@v1.2.23/plugins/admin/modules/table/default.go:148
github.com/GoAdminGroup/go-admin/plugins/admin/controller.(*Handler).showTableData
	/Users/devil/go/pkg/mod/github.com/!go!admin!group/go-admin@v1.2.23/plugins/admin/controller/show.go:70
github.com/GoAdminGroup/go-admin/plugins/admin/controller.(*Handler).showTable
	/Users/devil/go/pkg/mod/github.com/!go!admin!group/go-admin@v1.2.23/plugins/admin/controller/show.go:102
github.com/GoAdminGroup/go-admin/plugins/admin/controller.(*Handler).ShowInfo
	/Users/devil/go/pkg/mod/github.com/!go!admin!group/go-admin@v1.2.23/plugins/admin/controller/show.go:60
github.com/GoAdminGroup/go-admin/context.(*Context).Next
	/Users/devil/go/pkg/mod/github.com/!go!admin!group/go-admin@v1.2.23/context/context.go:101
github.com/GoAdminGroup/go-admin/plugins/admin/modules/guard.(*Guard).CheckPrefix
	/Users/devil/go/pkg/mod/github.com/!go!admin!group/go-admin@v1.2.23/plugins/admin/modules/guard/guard.go:51
github.com/GoAdminGroup/go-admin/context.(*Context).Next
	/Users/devil/go/pkg/mod/github.com/!go!admin!group/go-admin@v1.2.23/context/context.go:101
github.com/GoAdminGroup/go-admin/modules/auth.(*Invoker).Middleware.func1
	/Users/devil/go/pkg/mod/github.com/!go!admin!group/go-admin@v1.2.23/modules/auth/middleware.go:132
github.com/GoAdminGroup/go-admin/context.(*Context).Next
	/Users/devil/go/pkg/mod/github.com/!go!admin!group/go-admin@v1.2.23/context/context.go:101
github.com/GoAdminGroup/go-admin/plugins/admin.(*Admin).globalErrorHandler
	/Users/devil/go/pkg/mod/github.com/!go!admin!group/go-admin@v1.2.23/plugins/admin/router.go:106
github.com/GoAdminGroup/go-admin/context.(*Context).Next
	/Users/devil/go/pkg/mod/github.com/!go!admin!group/go-admin@v1.2.23/context/context.go:101
github.com/GoAdminGroup/go-admin/adapter/gin.(*Gin).AddHandler.func1
	/Users/devil/go/pkg/mod/github.com/!go!admin!group/go-admin@v1.2.23/adapter/gin/gin.go:91
github.com/gin-gonic/gin.(*Context).Next
	/Users/devil/go/pkg/mod/github.com/gin-gonic/gin@v1.8.1/context.go:173
github.com/gin-gonic/gin.CustomRecoveryWithWriter.func1
	/Users/devil/go/pkg/mod/github.com/gin-gonic/gin@v1.8.1/recovery.go:101
github.com/gin-gonic/gin.(*Context).Next
	/Users/devil/go/pkg/mod/github.com/gin-gonic/gin@v1.8.1/context.go:173
github.com/gin-gonic/gin.LoggerWithConfig.func1
	/Users/devil/go/pkg/mod/github.com/gin-gonic/gin@v1.8.1/logger.go:240
github.com/gin-gonic/gin.(*Context).Next
	/Users/devil/go/pkg/mod/github.com/gin-gonic/gin@v1.8.1/context.go:173
github.com/gin-gonic/gin.(*Engine).handleHTTPRequest
	/Users/devil/go/pkg/mod/github.com/gin-gonic/gin@v1.8.1/gin.go:616
github.com/gin-gonic/gin.(*Engine).ServeHTTP
	/Users/devil/go/pkg/mod/github.com/gin-gonic/gin@v1.8.1/gin.go:572
net/http.serverHandler.ServeHTTP
	/usr/local/go/src/net/http/server.go:2916
net/http.(*conn).serve
	/usr/local/go/src/net/http/server.go:1966
2022-06-21T16:28:58.611+0800	[31mERROR[0m	controller/handler.go:31	Error 1054: Unknown column 'DiscordChannel.discordChannelId' in 'on clause'
github.com/GoAdminGroup/go-admin/plugins/admin/controller.(*Handler).GlobalDeferHandler
	/Users/devil/go/pkg/mod/github.com/!go!admin!group/go-admin@v1.2.23/plugins/admin/controller/handler.go:31
runtime.gopanic
	/usr/local/go/src/runtime/panic.go:838
github.com/GoAdminGroup/go-admin/modules/db.CommonQuery
	/Users/devil/go/pkg/mod/github.com/!go!admin!group/go-admin@v1.2.23/modules/db/performer.go:20
github.com/GoAdminGroup/go-admin/modules/db.(*Mysql).QueryWithConnection
	/Users/devil/go/pkg/mod/github.com/!go!admin!group/go-admin@v1.2.23/modules/db/mysql.go:83
github.com/GoAdminGroup/go-admin/plugins/admin/modules/table.(*DefaultTable).getDataFromDatabase
	/Users/devil/go/pkg/mod/github.com/!go!admin!group/go-admin@v1.2.23/plugins/admin/modules/table/default.go:565
github.com/GoAdminGroup/go-admin/plugins/admin/modules/table.(*DefaultTable).GetData
	/Users/devil/go/pkg/mod/github.com/!go!admin!group/go-admin@v1.2.23/plugins/admin/modules/table/default.go:148
github.com/GoAdminGroup/go-admin/plugins/admin/controller.(*Handler).showTableData
	/Users/devil/go/pkg/mod/github.com/!go!admin!group/go-admin@v1.2.23/plugins/admin/controller/show.go:70
github.com/GoAdminGroup/go-admin/plugins/admin/controller.(*Handler).showTable
	/Users/devil/go/pkg/mod/github.com/!go!admin!group/go-admin@v1.2.23/plugins/admin/controller/show.go:102
github.com/GoAdminGroup/go-admin/plugins/admin/controller.(*Handler).ShowInfo
	/Users/devil/go/pkg/mod/github.com/!go!admin!group/go-admin@v1.2.23/plugins/admin/controller/show.go:60
github.com/GoAdminGroup/go-admin/context.(*Context).Next
	/Users/devil/go/pkg/mod/github.com/!go!admin!group/go-admin@v1.2.23/context/context.go:101
github.com/GoAdminGroup/go-admin/plugins/admin/modules/guard.(*Guard).CheckPrefix
	/Users/devil/go/pkg/mod/github.com/!go!admin!group/go-admin@v1.2.23/plugins/admin/modules/guard/guard.go:51
github.com/GoAdminGroup/go-admin/context.(*Context).Next
	/Users/devil/go/pkg/mod/github.com/!go!admin!group/go-admin@v1.2.23/context/context.go:101
github.com/GoAdminGroup/go-admin/modules/auth.(*Invoker).Middleware.func1
	/Users/devil/go/pkg/mod/github.com/!go!admin!group/go-admin@v1.2.23/modules/auth/middleware.go:132
github.com/GoAdminGroup/go-admin/context.(*Context).Next
	/Users/devil/go/pkg/mod/github.com/!go!admin!group/go-admin@v1.2.23/context/context.go:101
github.com/GoAdminGroup/go-admin/plugins/admin.(*Admin).globalErrorHandler
	/Users/devil/go/pkg/mod/github.com/!go!admin!group/go-admin@v1.2.23/plugins/admin/router.go:106
github.com/GoAdminGroup/go-admin/context.(*Context).Next
	/Users/devil/go/pkg/mod/github.com/!go!admin!group/go-admin@v1.2.23/context/context.go:101
github.com/GoAdminGroup/go-admin/adapter/gin.(*Gin).AddHandler.func1
	/Users/devil/go/pkg/mod/github.com/!go!admin!group/go-admin@v1.2.23/adapter/gin/gin.go:91
github.com/gin-gonic/gin.(*Context).Next
	/Users/devil/go/pkg/mod/github.com/gin-gonic/gin@v1.8.1/context.go:173
github.com/gin-gonic/gin.CustomRecoveryWithWriter.func1
	/Users/devil/go/pkg/mod/github.com/gin-gonic/gin@v1.8.1/recovery.go:101
github.com/gin-gonic/gin.(*Context).Next
	/Users/devil/go/pkg/mod/github.com/gin-gonic/gin@v1.8.1/context.go:173
github.com/gin-gonic/gin.LoggerWithConfig.func1
	/Users/devil/go/pkg/mod/github.com/gin-gonic/gin@v1.8.1/logger.go:240
github.com/gin-gonic/gin.(*Context).Next
	/Users/devil/go/pkg/mod/github.com/gin-gonic/gin@v1.8.1/context.go:173
github.com/gin-gonic/gin.(*Engine).handleHTTPRequest
	/Users/devil/go/pkg/mod/github.com/gin-gonic/gin@v1.8.1/gin.go:616
github.com/gin-gonic/gin.(*Engine).ServeHTTP
	/Users/devil/go/pkg/mod/github.com/gin-gonic/gin@v1.8.1/gin.go:572
net/http.serverHandler.ServeHTTP
	/usr/local/go/src/net/http/server.go:2916
net/http.(*conn).serve
	/usr/local/go/src/net/http/server.go:1966
2022-06-21T16:31:18.414+0800	[31mERROR[0m	controller/handler.go:31	Error 1054: Unknown column 'DiscordChannel.discordChannelId' in 'on clause'
github.com/GoAdminGroup/go-admin/plugins/admin/controller.(*Handler).GlobalDeferHandler
	/Users/devil/go/pkg/mod/github.com/!go!admin!group/go-admin@v1.2.23/plugins/admin/controller/handler.go:31
runtime.gopanic
	/usr/local/go/src/runtime/panic.go:838
github.com/GoAdminGroup/go-admin/modules/db.CommonQuery
	/Users/devil/go/pkg/mod/github.com/!go!admin!group/go-admin@v1.2.23/modules/db/performer.go:20
github.com/GoAdminGroup/go-admin/modules/db.(*Mysql).QueryWithConnection
	/Users/devil/go/pkg/mod/github.com/!go!admin!group/go-admin@v1.2.23/modules/db/mysql.go:83
github.com/GoAdminGroup/go-admin/plugins/admin/modules/table.(*DefaultTable).getDataFromDatabase
	/Users/devil/go/pkg/mod/github.com/!go!admin!group/go-admin@v1.2.23/plugins/admin/modules/table/default.go:565
github.com/GoAdminGroup/go-admin/plugins/admin/modules/table.(*DefaultTable).GetData
	/Users/devil/go/pkg/mod/github.com/!go!admin!group/go-admin@v1.2.23/plugins/admin/modules/table/default.go:148
github.com/GoAdminGroup/go-admin/plugins/admin/controller.(*Handler).showTableData
	/Users/devil/go/pkg/mod/github.com/!go!admin!group/go-admin@v1.2.23/plugins/admin/controller/show.go:70
github.com/GoAdminGroup/go-admin/plugins/admin/controller.(*Handler).showTable
	/Users/devil/go/pkg/mod/github.com/!go!admin!group/go-admin@v1.2.23/plugins/admin/controller/show.go:102
github.com/GoAdminGroup/go-admin/plugins/admin/controller.(*Handler).ShowInfo
	/Users/devil/go/pkg/mod/github.com/!go!admin!group/go-admin@v1.2.23/plugins/admin/controller/show.go:60
github.com/GoAdminGroup/go-admin/context.(*Context).Next
	/Users/devil/go/pkg/mod/github.com/!go!admin!group/go-admin@v1.2.23/context/context.go:101
github.com/GoAdminGroup/go-admin/plugins/admin/modules/guard.(*Guard).CheckPrefix
	/Users/devil/go/pkg/mod/github.com/!go!admin!group/go-admin@v1.2.23/plugins/admin/modules/guard/guard.go:51
github.com/GoAdminGroup/go-admin/context.(*Context).Next
	/Users/devil/go/pkg/mod/github.com/!go!admin!group/go-admin@v1.2.23/context/context.go:101
github.com/GoAdminGroup/go-admin/modules/auth.(*Invoker).Middleware.func1
	/Users/devil/go/pkg/mod/github.com/!go!admin!group/go-admin@v1.2.23/modules/auth/middleware.go:132
github.com/GoAdminGroup/go-admin/context.(*Context).Next
	/Users/devil/go/pkg/mod/github.com/!go!admin!group/go-admin@v1.2.23/context/context.go:101
github.com/GoAdminGroup/go-admin/plugins/admin.(*Admin).globalErrorHandler
	/Users/devil/go/pkg/mod/github.com/!go!admin!group/go-admin@v1.2.23/plugins/admin/router.go:106
github.com/GoAdminGroup/go-admin/context.(*Context).Next
	/Users/devil/go/pkg/mod/github.com/!go!admin!group/go-admin@v1.2.23/context/context.go:101
github.com/GoAdminGroup/go-admin/adapter/gin.(*Gin).AddHandler.func1
	/Users/devil/go/pkg/mod/github.com/!go!admin!group/go-admin@v1.2.23/adapter/gin/gin.go:91
github.com/gin-gonic/gin.(*Context).Next
	/Users/devil/go/pkg/mod/github.com/gin-gonic/gin@v1.8.1/context.go:173
github.com/gin-gonic/gin.CustomRecoveryWithWriter.func1
	/Users/devil/go/pkg/mod/github.com/gin-gonic/gin@v1.8.1/recovery.go:101
github.com/gin-gonic/gin.(*Context).Next
	/Users/devil/go/pkg/mod/github.com/gin-gonic/gin@v1.8.1/context.go:173
github.com/gin-gonic/gin.LoggerWithConfig.func1
	/Users/devil/go/pkg/mod/github.com/gin-gonic/gin@v1.8.1/logger.go:240
github.com/gin-gonic/gin.(*Context).Next
	/Users/devil/go/pkg/mod/github.com/gin-gonic/gin@v1.8.1/context.go:173
github.com/gin-gonic/gin.(*Engine).handleHTTPRequest
	/Users/devil/go/pkg/mod/github.com/gin-gonic/gin@v1.8.1/gin.go:616
github.com/gin-gonic/gin.(*Engine).ServeHTTP
	/Users/devil/go/pkg/mod/github.com/gin-gonic/gin@v1.8.1/gin.go:572
net/http.serverHandler.ServeHTTP
	/usr/local/go/src/net/http/server.go:2916
net/http.(*conn).serve
	/usr/local/go/src/net/http/server.go:1966
